<?xml version="1.0" encoding="UTF-8"?>
<!-- Generated by org.testng.reporters.JUnitXMLReporter -->
<testsuite hostname="Ronak" ignored="0" name="Default test" tests="3" failures="0" timestamp="17 Jun 2019 18:11:54 GMT" time="0.049" errors="0">
  <testcase name="login" time="0.0" classname="testcases.ApplicationTest"/>
  <testcase name="dopasswordchange" time="0.0" classname="testcases.ApplicationTest"/>
  <testcase name="logout" time="0.0" classname="testcases.ApplicationTest"/>
</testsuite> <!-- Default test -->
