<?xml version="1.0" encoding="UTF-8"?>
<testng-results skipped="0" failed="0" total="0" passed="0">
  <reporter-output>
  </reporter-output>
  <suite name="com.techbeamers.base.BaseTest" duration-ms="0" started-at="2019-07-14T05:31:51Z" finished-at="2019-07-14T05:31:51Z">
    <groups>
    </groups>
    <test name="Command line test" duration-ms="0" started-at="2019-07-14T05:31:51Z" finished-at="2019-07-14T05:31:51Z">
    </test> <!-- Command line test -->
  </suite> <!-- com.techbeamers.base.BaseTest -->
</testng-results>
