<?xml version="1.0" encoding="UTF-8"?>
<testng-results skipped="0" failed="0" ignored="0" total="2" passed="2">
  <reporter-output>
  </reporter-output>
  <suite name="Default suite" duration-ms="21677" started-at="2019-08-16T19:16:45Z" finished-at="2019-08-16T19:17:07Z">
    <groups>
    </groups>
    <test name="Default test" duration-ms="21677" started-at="2019-08-16T19:16:45Z" finished-at="2019-08-16T19:17:07Z">
      <class name="scripts.Test01">
        <test-method status="PASS" signature="beforeClass()[pri:0, instance:scripts.Test01@685cb137]" name="beforeClass" is-config="true" duration-ms="5369" started-at="2019-08-16T19:16:45Z" finished-at="2019-08-16T19:16:51Z">
          <reporter-output>
          </reporter-output>
        </test-method> <!-- beforeClass -->
        <test-method status="PASS" signature="lanuch()[pri:0, instance:scripts.Test01@685cb137]" name="lanuch" duration-ms="4802" started-at="2019-08-16T19:16:51Z" finished-at="2019-08-16T19:16:55Z">
          <reporter-output>
          </reporter-output>
        </test-method> <!-- lanuch -->
        <test-method status="PASS" signature="testlogin()[pri:0, instance:scripts.Test01@685cb137]" name="testlogin" duration-ms="10773" started-at="2019-08-16T19:16:55Z" finished-at="2019-08-16T19:17:06Z">
          <reporter-output>
          </reporter-output>
        </test-method> <!-- testlogin -->
        <test-method status="PASS" signature="afterClass()[pri:0, instance:scripts.Test01@685cb137]" name="afterClass" is-config="true" duration-ms="701" started-at="2019-08-16T19:17:06Z" finished-at="2019-08-16T19:17:07Z">
          <reporter-output>
          </reporter-output>
        </test-method> <!-- afterClass -->
      </class> <!-- scripts.Test01 -->
    </test> <!-- Default test -->
  </suite> <!-- Default suite -->
</testng-results>
